mode: set
github.com/naozhi/naozhi/internal/config/config.go:90.41,92.16 2 1
github.com/naozhi/naozhi/internal/config/config.go:92.16,94.3 1 0
github.com/naozhi/naozhi/internal/config/config.go:97.2,100.63 3 1
github.com/naozhi/naozhi/internal/config/config.go:100.63,102.3 1 0
github.com/naozhi/naozhi/internal/config/config.go:105.2,105.27 1 1
github.com/naozhi/naozhi/internal/config/config.go:105.27,107.3 1 1
github.com/naozhi/naozhi/internal/config/config.go:108.2,108.25 1 1
github.com/naozhi/naozhi/internal/config/config.go:108.25,110.3 1 1
github.com/naozhi/naozhi/internal/config/config.go:111.2,111.31 1 1
github.com/naozhi/naozhi/internal/config/config.go:111.31,113.3 1 1
github.com/naozhi/naozhi/internal/config/config.go:114.2,114.27 1 1
github.com/naozhi/naozhi/internal/config/config.go:114.27,116.3 1 1
github.com/naozhi/naozhi/internal/config/config.go:117.2,117.25 1 1
github.com/naozhi/naozhi/internal/config/config.go:117.25,119.3 1 1
github.com/naozhi/naozhi/internal/config/config.go:121.2,121.18 1 1
github.com/naozhi/naozhi/internal/config/config.go:125.43,127.16 2 1
github.com/naozhi/naozhi/internal/config/config.go:127.16,129.3 1 1
github.com/naozhi/naozhi/internal/config/config.go:130.2,130.10 1 1
github.com/naozhi/naozhi/internal/config/config.go:134.80,136.26 2 1
github.com/naozhi/naozhi/internal/config/config.go:136.26,138.3 1 1
github.com/naozhi/naozhi/internal/config/config.go:139.2,140.23 2 1
github.com/naozhi/naozhi/internal/config/config.go:140.23,142.3 1 1
github.com/naozhi/naozhi/internal/config/config.go:143.2,143.8 1 1
github.com/naozhi/naozhi/internal/config/config.go:147.56,148.35 1 0
github.com/naozhi/naozhi/internal/config/config.go:148.35,150.3 1 0
github.com/naozhi/naozhi/internal/config/config.go:151.2,152.16 2 0
github.com/naozhi/naozhi/internal/config/config.go:152.16,154.3 1 0
github.com/naozhi/naozhi/internal/config/config.go:155.2,155.10 1 0
github.com/naozhi/naozhi/internal/config/config.go:160.37,161.68 1 1
github.com/naozhi/naozhi/internal/config/config.go:161.68,163.39 2 1
github.com/naozhi/naozhi/internal/config/config.go:163.39,165.4 1 1
github.com/naozhi/naozhi/internal/config/config.go:166.3,166.15 1 1
github.com/naozhi/naozhi/internal/cli/event.go:70.67,72.22 2 1
github.com/naozhi/naozhi/internal/cli/event.go:72.22,74.3 1 1
github.com/naozhi/naozhi/internal/cli/event.go:74.8,76.30 2 1
github.com/naozhi/naozhi/internal/cli/event.go:76.30,85.4 1 1
github.com/naozhi/naozhi/internal/cli/event.go:86.3,86.17 1 1
github.com/naozhi/naozhi/internal/cli/event.go:86.17,88.4 1 1
github.com/naozhi/naozhi/internal/cli/event.go:89.3,89.19 1 1
github.com/naozhi/naozhi/internal/cli/event.go:91.2,97.3 1 1
github.com/naozhi/naozhi/internal/cli/process.go:33.39,34.11 1 1
github.com/naozhi/naozhi/internal/cli/process.go:35.21,36.20 1 1
github.com/naozhi/naozhi/internal/cli/process.go:37.18,38.17 1 1
github.com/naozhi/naozhi/internal/cli/process.go:39.20,40.19 1 1
github.com/naozhi/naozhi/internal/cli/process.go:41.17,42.16 1 1
github.com/naozhi/naozhi/internal/cli/process.go:43.10,44.19 1 1
github.com/naozhi/naozhi/internal/cli/process.go:70.160,74.15 3 1
github.com/naozhi/naozhi/internal/cli/process.go:74.15,76.3 1 0
github.com/naozhi/naozhi/internal/cli/process.go:78.2,79.16 2 1
github.com/naozhi/naozhi/internal/cli/process.go:79.16,81.3 1 0
github.com/naozhi/naozhi/internal/cli/process.go:82.2,83.16 2 1
github.com/naozhi/naozhi/internal/cli/process.go:83.16,86.3 2 0
github.com/naozhi/naozhi/internal/cli/process.go:87.2,88.16 2 1
github.com/naozhi/naozhi/internal/cli/process.go:88.16,91.3 2 0
github.com/naozhi/naozhi/internal/cli/process.go:93.2,93.36 1 1
github.com/naozhi/naozhi/internal/cli/process.go:93.36,96.3 2 0
github.com/naozhi/naozhi/internal/cli/process.go:98.2,98.12 1 1
github.com/naozhi/naozhi/internal/cli/process.go:98.12,100.22 2 1
github.com/naozhi/naozhi/internal/cli/process.go:100.22,102.4 1 0
github.com/naozhi/naozhi/internal/cli/process.go:105.2,120.15 3 1
github.com/naozhi/naozhi/internal/cli/process.go:124.35,126.2 1 1
github.com/naozhi/naozhi/internal/cli/process.go:129.30,133.23 3 1
github.com/naozhi/naozhi/internal/cli/process.go:133.23,135.21 2 1
github.com/naozhi/naozhi/internal/cli/process.go:135.21,136.12 1 1
github.com/naozhi/naozhi/internal/cli/process.go:138.3,139.17 2 1
github.com/naozhi/naozhi/internal/cli/process.go:139.17,140.12 1 1
github.com/naozhi/naozhi/internal/cli/process.go:142.3,142.20 1 1
github.com/naozhi/naozhi/internal/cli/process.go:142.20,143.12 1 1
github.com/naozhi/naozhi/internal/cli/process.go:146.3,146.42 1 1
github.com/naozhi/naozhi/internal/cli/process.go:146.42,147.12 1 0
github.com/naozhi/naozhi/internal/cli/process.go:150.3,150.10 1 1
github.com/naozhi/naozhi/internal/cli/process.go:151.24,151.24 0 1
github.com/naozhi/naozhi/internal/cli/process.go:152.19,153.10 1 1
github.com/naozhi/naozhi/internal/cli/process.go:157.2,159.15 3 1
github.com/naozhi/naozhi/internal/cli/process.go:166.122,168.29 2 0
github.com/naozhi/naozhi/internal/cli/process.go:168.29,171.3 2 0
github.com/naozhi/naozhi/internal/cli/process.go:172.2,175.15 3 0
github.com/naozhi/naozhi/internal/cli/process.go:175.15,177.30 2 0
github.com/naozhi/naozhi/internal/cli/process.go:177.30,179.4 1 0
github.com/naozhi/naozhi/internal/cli/process.go:180.3,180.16 1 0
github.com/naozhi/naozhi/internal/cli/process.go:183.2,183.71 1 0
github.com/naozhi/naozhi/internal/cli/process.go:183.71,185.3 1 0
github.com/naozhi/naozhi/internal/cli/process.go:187.2,188.22 2 0
github.com/naozhi/naozhi/internal/cli/process.go:188.22,190.3 1 0
github.com/naozhi/naozhi/internal/cli/process.go:191.2,192.19 2 0
github.com/naozhi/naozhi/internal/cli/process.go:192.19,194.3 1 0
github.com/naozhi/naozhi/internal/cli/process.go:195.2,200.6 5 0
github.com/naozhi/naozhi/internal/cli/process.go:200.6,201.10 1 0
github.com/naozhi/naozhi/internal/cli/process.go:202.21,203.25 1 0
github.com/naozhi/naozhi/internal/cli/process.go:204.30,205.11 1 0
github.com/naozhi/naozhi/internal/cli/process.go:205.11,207.5 1 0
github.com/naozhi/naozhi/internal/cli/process.go:209.4,209.29 1 0
github.com/naozhi/naozhi/internal/cli/process.go:209.29,210.12 1 0
github.com/naozhi/naozhi/internal/cli/process.go:211.28,211.28 0 0
github.com/naozhi/naozhi/internal/cli/process.go:212.13,212.13 0 0
github.com/naozhi/naozhi/internal/cli/process.go:215.4,218.72 2 0
github.com/naozhi/naozhi/internal/cli/process.go:218.72,221.13 3 0
github.com/naozhi/naozhi/internal/cli/process.go:225.4,225.69 1 0
github.com/naozhi/naozhi/internal/cli/process.go:225.69,226.46 1 0
github.com/naozhi/naozhi/internal/cli/process.go:226.46,227.62 1 0
github.com/naozhi/naozhi/internal/cli/process.go:227.62,229.12 2 0
github.com/naozhi/naozhi/internal/cli/process.go:235.4,235.27 1 0
github.com/naozhi/naozhi/internal/cli/process.go:235.27,236.26 1 0
github.com/naozhi/naozhi/internal/cli/process.go:236.26,238.6 1 0
github.com/naozhi/naozhi/internal/cli/process.go:239.5,243.11 1 0
github.com/naozhi/naozhi/internal/cli/process.go:245.26,248.65 3 0
github.com/naozhi/naozhi/internal/cli/process.go:249.23,252.58 3 0
github.com/naozhi/naozhi/internal/cli/process.go:258.32,259.9 1 1
github.com/naozhi/naozhi/internal/cli/process.go:260.16,261.15 1 1
github.com/naozhi/naozhi/internal/cli/process.go:262.10,263.14 1 1
github.com/naozhi/naozhi/internal/cli/process.go:268.36,272.2 3 1
github.com/naozhi/naozhi/internal/cli/process.go:276.26,277.23 1 1
github.com/naozhi/naozhi/internal/cli/process.go:277.23,280.27 3 1
github.com/naozhi/naozhi/internal/cli/process.go:280.27,282.4 1 1
github.com/naozhi/naozhi/internal/cli/process.go:284.2,284.23 1 1
github.com/naozhi/naozhi/internal/cli/process.go:284.23,284.39 1 1
github.com/naozhi/naozhi/internal/cli/process.go:288.27,290.9 2 1
github.com/naozhi/naozhi/internal/cli/process.go:291.16,291.16 0 1
github.com/naozhi/naozhi/internal/cli/process.go:292.41,294.9 2 1
github.com/naozhi/naozhi/internal/cli/process.go:297.2,297.23 1 1
github.com/naozhi/naozhi/internal/cli/process.go:297.23,297.39 1 1
github.com/naozhi/naozhi/internal/cli/protocol.go:49.48,55.2 5 1
github.com/naozhi/naozhi/internal/cli/protocol.go:62.60,63.22 1 0
github.com/naozhi/naozhi/internal/cli/protocol.go:63.22,65.3 1 0
github.com/naozhi/naozhi/internal/cli/protocol.go:66.2,66.40 1 0
github.com/naozhi/naozhi/internal/cli/protocol.go:66.40,68.3 1 0
github.com/naozhi/naozhi/internal/cli/protocol.go:69.2,69.26 1 0
github.com/naozhi/naozhi/internal/cli/protocol_acp.go:23.37,23.53 1 1
github.com/naozhi/naozhi/internal/cli/protocol_acp.go:25.61,29.2 3 1
github.com/naozhi/naozhi/internal/cli/protocol_acp.go:31.73,45.59 3 1
github.com/naozhi/naozhi/internal/cli/protocol_acp.go:45.59,47.3 1 1
github.com/naozhi/naozhi/internal/cli/protocol_acp.go:50.2,51.20 2 1
github.com/naozhi/naozhi/internal/cli/protocol_acp.go:51.20,57.60 3 1
github.com/naozhi/naozhi/internal/cli/protocol_acp.go:57.60,59.4 1 0
github.com/naozhi/naozhi/internal/cli/protocol_acp.go:60.3,60.25 1 1
github.com/naozhi/naozhi/internal/cli/protocol_acp.go:61.8,68.17 4 1
github.com/naozhi/naozhi/internal/cli/protocol_acp.go:68.17,70.4 1 0
github.com/naozhi/naozhi/internal/cli/protocol_acp.go:71.3,71.44 1 1
github.com/naozhi/naozhi/internal/cli/protocol_acp.go:71.44,73.4 1 0
github.com/naozhi/naozhi/internal/cli/protocol_acp.go:75.3,76.17 2 1
github.com/naozhi/naozhi/internal/cli/protocol_acp.go:76.17,78.4 1 0
github.com/naozhi/naozhi/internal/cli/protocol_acp.go:79.3,80.62 2 1
github.com/naozhi/naozhi/internal/cli/protocol_acp.go:80.62,82.4 1 0
github.com/naozhi/naozhi/internal/cli/protocol_acp.go:83.3,83.33 1 1
github.com/naozhi/naozhi/internal/cli/protocol_acp.go:86.2,86.25 1 1
github.com/naozhi/naozhi/internal/cli/protocol_acp.go:89.88,96.29 5 1
github.com/naozhi/naozhi/internal/cli/protocol_acp.go:96.29,105.3 1 1
github.com/naozhi/naozhi/internal/cli/protocol_acp.go:106.2,106.36 1 1
github.com/naozhi/naozhi/internal/cli/protocol_acp.go:106.36,108.3 1 1
github.com/naozhi/naozhi/internal/cli/protocol_acp.go:110.2,119.16 4 1
github.com/naozhi/naozhi/internal/cli/protocol_acp.go:119.16,121.3 1 0
github.com/naozhi/naozhi/internal/cli/protocol_acp.go:122.2,124.12 3 1
github.com/naozhi/naozhi/internal/cli/protocol_acp.go:127.67,129.51 2 1
github.com/naozhi/naozhi/internal/cli/protocol_acp.go:129.51,131.3 1 0
github.com/naozhi/naozhi/internal/cli/protocol_acp.go:134.2,134.60 1 1
github.com/naozhi/naozhi/internal/cli/protocol_acp.go:134.60,136.3 1 1
github.com/naozhi/naozhi/internal/cli/protocol_acp.go:139.2,139.67 1 1
github.com/naozhi/naozhi/internal/cli/protocol_acp.go:139.67,141.20 2 1
github.com/naozhi/naozhi/internal/cli/protocol_acp.go:141.20,143.4 1 1
github.com/naozhi/naozhi/internal/cli/protocol_acp.go:144.3,144.24 1 1
github.com/naozhi/naozhi/internal/cli/protocol_acp.go:148.2,148.22 1 1
github.com/naozhi/naozhi/internal/cli/protocol_acp.go:148.22,149.23 1 1
github.com/naozhi/naozhi/internal/cli/protocol_acp.go:149.23,151.4 1 1
github.com/naozhi/naozhi/internal/cli/protocol_acp.go:153.3,163.23 6 1
github.com/naozhi/naozhi/internal/cli/protocol_acp.go:166.2,166.28 1 0
github.com/naozhi/naozhi/internal/cli/protocol_acp.go:169.63,170.37 1 1
github.com/naozhi/naozhi/internal/cli/protocol_acp.go:170.37,172.3 1 1
github.com/naozhi/naozhi/internal/cli/protocol_acp.go:173.2,181.16 3 1
github.com/naozhi/naozhi/internal/cli/protocol_acp.go:181.16,184.3 2 0
github.com/naozhi/naozhi/internal/cli/protocol_acp.go:185.2,186.41 2 1
github.com/naozhi/naozhi/internal/cli/protocol_acp.go:186.41,188.3 1 0
github.com/naozhi/naozhi/internal/cli/protocol_acp.go:189.2,189.13 1 1
github.com/naozhi/naozhi/internal/cli/protocol_acp.go:192.87,194.56 2 1
github.com/naozhi/naozhi/internal/cli/protocol_acp.go:194.56,196.3 1 0
github.com/naozhi/naozhi/internal/cli/protocol_acp.go:198.2,198.37 1 1
github.com/naozhi/naozhi/internal/cli/protocol_acp.go:199.29,201.95 2 1
github.com/naozhi/naozhi/internal/cli/protocol_acp.go:201.95,205.4 3 1
github.com/naozhi/naozhi/internal/cli/protocol_acp.go:206.3,206.75 1 1
github.com/naozhi/naozhi/internal/cli/protocol_acp.go:208.19,215.16 1 1
github.com/naozhi/naozhi/internal/cli/protocol_acp.go:217.26,218.70 1 0
github.com/naozhi/naozhi/internal/cli/protocol_acp.go:220.10,221.81 1 0
github.com/naozhi/naozhi/internal/cli/protocol_acp.go:225.37,231.2 5 1
github.com/naozhi/naozhi/internal/cli/protocol_acp.go:233.77,235.16 2 1
github.com/naozhi/naozhi/internal/cli/protocol_acp.go:235.16,237.3 1 0
github.com/naozhi/naozhi/internal/cli/protocol_acp.go:238.2,238.43 1 1
github.com/naozhi/naozhi/internal/cli/protocol_acp.go:238.43,240.3 1 0
github.com/naozhi/naozhi/internal/cli/protocol_acp.go:241.2,242.12 2 1
github.com/naozhi/naozhi/internal/cli/protocol_acp.go:248.90,254.12 3 1
github.com/naozhi/naozhi/internal/cli/protocol_acp.go:254.12,255.7 1 1
github.com/naozhi/naozhi/internal/cli/protocol_acp.go:255.7,257.25 2 1
github.com/naozhi/naozhi/internal/cli/protocol_acp.go:257.25,260.5 2 0
github.com/naozhi/naozhi/internal/cli/protocol_acp.go:261.4,261.22 1 1
github.com/naozhi/naozhi/internal/cli/protocol_acp.go:261.22,262.13 1 0
github.com/naozhi/naozhi/internal/cli/protocol_acp.go:264.4,265.53 2 1
github.com/naozhi/naozhi/internal/cli/protocol_acp.go:265.53,266.13 1 0
github.com/naozhi/naozhi/internal/cli/protocol_acp.go:268.4,268.66 1 1
github.com/naozhi/naozhi/internal/cli/protocol_acp.go:268.66,269.25 1 1
github.com/naozhi/naozhi/internal/cli/protocol_acp.go:269.25,272.6 2 1
github.com/naozhi/naozhi/internal/cli/protocol_acp.go:273.5,274.11 2 1
github.com/naozhi/naozhi/internal/cli/protocol_acp.go:280.2,280.9 1 1
github.com/naozhi/naozhi/internal/cli/protocol_acp.go:281.17,282.22 1 1
github.com/naozhi/naozhi/internal/cli/protocol_acp.go:283.38,284.81 1 0
github.com/naozhi/naozhi/internal/cli/protocol_claude.go:11.40,11.64 1 1
github.com/naozhi/naozhi/internal/cli/protocol_claude.go:13.64,22.22 2 1
github.com/naozhi/naozhi/internal/cli/protocol_claude.go:22.22,24.3 1 1
github.com/naozhi/naozhi/internal/cli/protocol_claude.go:25.2,25.25 1 1
github.com/naozhi/naozhi/internal/cli/protocol_claude.go:25.25,27.3 1 1
github.com/naozhi/naozhi/internal/cli/protocol_claude.go:28.2,29.13 2 1
github.com/naozhi/naozhi/internal/cli/protocol_claude.go:32.68,34.2 1 1
github.com/naozhi/naozhi/internal/cli/protocol_claude.go:36.91,39.16 3 1
github.com/naozhi/naozhi/internal/cli/protocol_claude.go:39.16,41.3 1 0
github.com/naozhi/naozhi/internal/cli/protocol_claude.go:42.2,44.12 3 1
github.com/naozhi/naozhi/internal/cli/protocol_claude.go:47.70,49.50 2 1
github.com/naozhi/naozhi/internal/cli/protocol_claude.go:49.50,51.3 1 1
github.com/naozhi/naozhi/internal/cli/protocol_claude.go:53.2,53.92 1 1
github.com/naozhi/naozhi/internal/cli/protocol_claude.go:53.92,55.3 1 1
github.com/naozhi/naozhi/internal/cli/protocol_claude.go:56.2,56.37 1 1
github.com/naozhi/naozhi/internal/cli/protocol_claude.go:59.65,61.2 1 1
github.com/naozhi/naozhi/internal/cli/rpc_types.go:30.44,32.2 1 1
github.com/naozhi/naozhi/internal/cli/rpc_types.go:35.40,37.2 1 1
github.com/naozhi/naozhi/internal/cli/rpc_types.go:40.39,42.2 1 1
github.com/naozhi/naozhi/internal/cli/wrapper.go:33.58,34.19 1 1
github.com/naozhi/naozhi/internal/cli/wrapper.go:34.19,36.3 1 1
github.com/naozhi/naozhi/internal/cli/wrapper.go:37.2,38.52 2 1
github.com/naozhi/naozhi/internal/cli/wrapper.go:42.39,44.23 2 1
github.com/naozhi/naozhi/internal/cli/wrapper.go:44.23,46.3 1 0
github.com/naozhi/naozhi/internal/cli/wrapper.go:48.2,48.41 1 1
github.com/naozhi/naozhi/internal/cli/wrapper.go:48.41,49.39 1 1
github.com/naozhi/naozhi/internal/cli/wrapper.go:49.39,51.4 1 1
github.com/naozhi/naozhi/internal/cli/wrapper.go:55.2,55.47 1 1
github.com/naozhi/naozhi/internal/cli/wrapper.go:55.47,57.3 1 0
github.com/naozhi/naozhi/internal/cli/wrapper.go:60.2,60.13 1 1
github.com/naozhi/naozhi/internal/cli/wrapper.go:64.43,66.16 2 1
github.com/naozhi/naozhi/internal/cli/wrapper.go:66.16,68.3 1 0
github.com/naozhi/naozhi/internal/cli/wrapper.go:70.2,71.31 2 1
github.com/naozhi/naozhi/internal/cli/wrapper.go:71.31,73.3 1 0
github.com/naozhi/naozhi/internal/cli/wrapper.go:75.2,80.22 3 1
github.com/naozhi/naozhi/internal/cli/wrapper.go:81.16,85.63 2 0
github.com/naozhi/naozhi/internal/cli/wrapper.go:86.15,87.63 1 1
github.com/naozhi/naozhi/internal/cli/wrapper.go:88.17,90.53 1 0
github.com/naozhi/naozhi/internal/cli/wrapper.go:90.53,92.4 1 0
github.com/naozhi/naozhi/internal/cli/wrapper.go:95.2,95.14 1 1
github.com/naozhi/naozhi/internal/cli/wrapper.go:99.83,103.15 3 0
github.com/naozhi/naozhi/internal/cli/wrapper.go:103.15,105.3 1 0
github.com/naozhi/naozhi/internal/cli/wrapper.go:107.2,108.16 2 0
github.com/naozhi/naozhi/internal/cli/wrapper.go:108.16,110.3 1 0
github.com/naozhi/naozhi/internal/cli/wrapper.go:113.2,118.16 3 0
github.com/naozhi/naozhi/internal/cli/wrapper.go:118.16,121.3 2 0
github.com/naozhi/naozhi/internal/cli/wrapper.go:122.2,122.21 1 0
github.com/naozhi/naozhi/internal/cli/wrapper.go:122.21,124.3 1 0
github.com/naozhi/naozhi/internal/cli/wrapper.go:126.2,127.18 2 0
github.com/naozhi/naozhi/internal/cron/job.go:27.26,31.2 3 1
github.com/naozhi/naozhi/internal/cron/job.go:34.46,38.2 3 1
github.com/naozhi/naozhi/internal/cron/scheduler.go:46.51,47.22 1 1
github.com/naozhi/naozhi/internal/cron/scheduler.go:47.22,49.3 1 0
github.com/naozhi/naozhi/internal/cron/scheduler.go:50.2,50.26 1 1
github.com/naozhi/naozhi/internal/cron/scheduler.go:50.26,52.3 1 1
github.com/naozhi/naozhi/internal/cron/scheduler.go:53.2,66.3 2 1
github.com/naozhi/naozhi/internal/cron/scheduler.go:70.35,72.56 2 1
github.com/naozhi/naozhi/internal/cron/scheduler.go:72.56,73.30 1 1
github.com/naozhi/naozhi/internal/cron/scheduler.go:73.30,74.16 1 1
github.com/naozhi/naozhi/internal/cron/scheduler.go:74.16,76.13 2 0
github.com/naozhi/naozhi/internal/cron/scheduler.go:78.4,78.43 1 1
github.com/naozhi/naozhi/internal/cron/scheduler.go:78.43,80.13 2 0
github.com/naozhi/naozhi/internal/cron/scheduler.go:82.4,82.20 1 1
github.com/naozhi/naozhi/internal/cron/scheduler.go:85.2,88.12 4 1
github.com/naozhi/naozhi/internal/cron/scheduler.go:92.28,98.54 6 1
github.com/naozhi/naozhi/internal/cron/scheduler.go:98.54,100.3 1 0
github.com/naozhi/naozhi/internal/cron/scheduler.go:104.42,105.53 1 1
github.com/naozhi/naozhi/internal/cron/scheduler.go:105.53,107.3 1 1
github.com/naozhi/naozhi/internal/cron/scheduler.go:109.2,112.30 3 1
github.com/naozhi/naozhi/internal/cron/scheduler.go:112.30,114.3 1 1
github.com/naozhi/naozhi/internal/cron/scheduler.go:116.2,119.41 3 1
github.com/naozhi/naozhi/internal/cron/scheduler.go:119.41,121.3 1 0
github.com/naozhi/naozhi/internal/cron/scheduler.go:122.2,124.12 3 1
github.com/naozhi/naozhi/internal/cron/scheduler.go:128.58,133.27 4 1
github.com/naozhi/naozhi/internal/cron/scheduler.go:133.27,134.47 1 1
github.com/naozhi/naozhi/internal/cron/scheduler.go:134.47,136.4 1 1
github.com/naozhi/naozhi/internal/cron/scheduler.go:138.2,138.15 1 1
github.com/naozhi/naozhi/internal/cron/scheduler.go:142.76,147.16 4 1
github.com/naozhi/naozhi/internal/cron/scheduler.go:147.16,149.3 1 1
github.com/naozhi/naozhi/internal/cron/scheduler.go:151.2,151.20 1 1
github.com/naozhi/naozhi/internal/cron/scheduler.go:151.20,153.3 1 1
github.com/naozhi/naozhi/internal/cron/scheduler.go:154.2,154.21 1 1
github.com/naozhi/naozhi/internal/cron/scheduler.go:154.21,156.3 1 0
github.com/naozhi/naozhi/internal/cron/scheduler.go:157.2,159.15 3 1
github.com/naozhi/naozhi/internal/cron/scheduler.go:163.75,168.16 4 1
github.com/naozhi/naozhi/internal/cron/scheduler.go:168.16,170.3 1 0
github.com/naozhi/naozhi/internal/cron/scheduler.go:171.2,171.14 1 1
github.com/naozhi/naozhi/internal/cron/scheduler.go:171.14,173.3 1 1
github.com/naozhi/naozhi/internal/cron/scheduler.go:175.2,175.20 1 1
github.com/naozhi/naozhi/internal/cron/scheduler.go:175.20,178.3 2 1
github.com/naozhi/naozhi/internal/cron/scheduler.go:179.2,181.15 3 1
github.com/naozhi/naozhi/internal/cron/scheduler.go:185.76,190.16 4 1
github.com/naozhi/naozhi/internal/cron/scheduler.go:190.16,192.3 1 0
github.com/naozhi/naozhi/internal/cron/scheduler.go:193.2,193.15 1 1
github.com/naozhi/naozhi/internal/cron/scheduler.go:193.15,195.3 1 0
github.com/naozhi/naozhi/internal/cron/scheduler.go:197.2,197.41 1 1
github.com/naozhi/naozhi/internal/cron/scheduler.go:197.41,199.3 1 0
github.com/naozhi/naozhi/internal/cron/scheduler.go:200.2,202.15 3 1
github.com/naozhi/naozhi/internal/cron/scheduler.go:206.47,210.18 4 0
github.com/naozhi/naozhi/internal/cron/scheduler.go:210.18,212.3 1 0
github.com/naozhi/naozhi/internal/cron/scheduler.go:213.2,214.19 2 0
github.com/naozhi/naozhi/internal/cron/scheduler.go:218.47,219.52 1 1
github.com/naozhi/naozhi/internal/cron/scheduler.go:219.52,221.3 1 0
github.com/naozhi/naozhi/internal/cron/scheduler.go:222.2,222.16 1 1
github.com/naozhi/naozhi/internal/cron/scheduler.go:222.16,224.3 1 0
github.com/naozhi/naozhi/internal/cron/scheduler.go:225.2,226.12 2 1
github.com/naozhi/naozhi/internal/cron/scheduler.go:230.37,235.14 4 0
github.com/naozhi/naozhi/internal/cron/scheduler.go:235.14,238.3 2 0
github.com/naozhi/naozhi/internal/cron/scheduler.go:240.2,248.16 7 0
github.com/naozhi/naozhi/internal/cron/scheduler.go:248.16,253.19 2 0
github.com/naozhi/naozhi/internal/cron/scheduler.go:253.19,255.4 1 0
github.com/naozhi/naozhi/internal/cron/scheduler.go:256.3,256.9 1 0
github.com/naozhi/naozhi/internal/cron/scheduler.go:259.2,260.16 2 0
github.com/naozhi/naozhi/internal/cron/scheduler.go:260.16,265.19 2 0
github.com/naozhi/naozhi/internal/cron/scheduler.go:265.19,267.4 1 0
github.com/naozhi/naozhi/internal/cron/scheduler.go:268.3,268.9 1 0
github.com/naozhi/naozhi/internal/cron/scheduler.go:271.2,275.18 2 0
github.com/naozhi/naozhi/internal/cron/scheduler.go:275.18,277.3 1 0
github.com/naozhi/naozhi/internal/cron/scheduler.go:281.79,283.27 2 1
github.com/naozhi/naozhi/internal/cron/scheduler.go:283.27,284.84 1 1
github.com/naozhi/naozhi/internal/cron/scheduler.go:284.84,286.4 1 1
github.com/naozhi/naozhi/internal/cron/scheduler.go:288.2,288.22 1 1
github.com/naozhi/naozhi/internal/cron/scheduler.go:289.9,290.66 1 1
github.com/naozhi/naozhi/internal/cron/scheduler.go:291.9,292.25 1 1
github.com/naozhi/naozhi/internal/cron/scheduler.go:293.10,295.29 2 0
github.com/naozhi/naozhi/internal/cron/scheduler.go:295.29,297.4 1 0
github.com/naozhi/naozhi/internal/cron/scheduler.go:298.3,298.96 1 0
github.com/naozhi/naozhi/internal/cron/scheduler.go:302.28,303.54 1 1
github.com/naozhi/naozhi/internal/cron/scheduler.go:303.54,305.3 1 0
github.com/naozhi/naozhi/internal/cron/store.go:11.56,12.16 1 1
github.com/naozhi/naozhi/internal/cron/store.go:12.16,14.3 1 1
github.com/naozhi/naozhi/internal/cron/store.go:15.2,15.42 1 1
github.com/naozhi/naozhi/internal/cron/store.go:15.42,16.48 1 1
github.com/naozhi/naozhi/internal/cron/store.go:16.48,18.4 1 0
github.com/naozhi/naozhi/internal/cron/store.go:21.2,22.25 2 1
github.com/naozhi/naozhi/internal/cron/store.go:22.25,24.3 1 1
github.com/naozhi/naozhi/internal/cron/store.go:26.2,27.16 2 1
github.com/naozhi/naozhi/internal/cron/store.go:27.16,29.3 1 0
github.com/naozhi/naozhi/internal/cron/store.go:31.2,32.54 2 1
github.com/naozhi/naozhi/internal/cron/store.go:32.54,34.3 1 0
github.com/naozhi/naozhi/internal/cron/store.go:35.2,35.29 1 1
github.com/naozhi/naozhi/internal/cron/store.go:38.44,39.16 1 1
github.com/naozhi/naozhi/internal/cron/store.go:39.16,41.3 1 1
github.com/naozhi/naozhi/internal/cron/store.go:42.2,43.16 2 1
github.com/naozhi/naozhi/internal/cron/store.go:43.16,44.26 1 1
github.com/naozhi/naozhi/internal/cron/store.go:44.26,46.4 1 0
github.com/naozhi/naozhi/internal/cron/store.go:47.3,47.13 1 1
github.com/naozhi/naozhi/internal/cron/store.go:50.2,51.55 2 1
github.com/naozhi/naozhi/internal/cron/store.go:51.55,54.3 2 0
github.com/naozhi/naozhi/internal/cron/store.go:56.2,57.28 2 1
github.com/naozhi/naozhi/internal/cron/store.go:57.28,58.17 1 1
github.com/naozhi/naozhi/internal/cron/store.go:58.17,60.4 1 1
github.com/naozhi/naozhi/internal/cron/store.go:62.2,63.10 2 1
github.com/naozhi/naozhi/internal/platform/dedup.go:13.31,14.14 1 1
github.com/naozhi/naozhi/internal/platform/dedup.go:14.14,16.3 1 1
github.com/naozhi/naozhi/internal/platform/dedup.go:17.2,20.3 1 1
github.com/naozhi/naozhi/internal/platform/dedup.go:24.43,25.19 1 1
github.com/naozhi/naozhi/internal/platform/dedup.go:25.19,27.3 1 1
github.com/naozhi/naozhi/internal/platform/dedup.go:28.2,31.34 3 1
github.com/naozhi/naozhi/internal/platform/dedup.go:31.34,33.3 1 1
github.com/naozhi/naozhi/internal/platform/dedup.go:36.2,36.26 1 1
github.com/naozhi/naozhi/internal/platform/dedup.go:36.26,38.3 1 1
github.com/naozhi/naozhi/internal/platform/dedup.go:39.2,40.14 2 1
github.com/naozhi/naozhi/internal/platform/discord/discord.go:36.31,37.26 1 1
github.com/naozhi/naozhi/internal/platform/discord/discord.go:37.26,39.3 1 1
github.com/naozhi/naozhi/internal/platform/discord/discord.go:40.2,40.27 1 1
github.com/naozhi/naozhi/internal/platform/discord/discord.go:43.33,43.53 1 1
github.com/naozhi/naozhi/internal/platform/discord/discord.go:45.40,45.68 1 1
github.com/naozhi/naozhi/internal/platform/discord/discord.go:48.80,48.81 0 0
github.com/naozhi/naozhi/internal/platform/discord/discord.go:53.64,55.15 2 1
github.com/naozhi/naozhi/internal/platform/discord/discord.go:55.15,58.3 2 1
github.com/naozhi/naozhi/internal/platform/discord/discord.go:59.2,65.16 5 0
github.com/naozhi/naozhi/internal/platform/discord/discord.go:65.16,67.3 1 0
github.com/naozhi/naozhi/internal/platform/discord/discord.go:69.2,79.36 4 0
github.com/naozhi/naozhi/internal/platform/discord/discord.go:79.36,82.3 2 0
github.com/naozhi/naozhi/internal/platform/discord/discord.go:84.2,84.49 1 0
github.com/naozhi/naozhi/internal/platform/discord/discord.go:84.49,87.3 2 0
github.com/naozhi/naozhi/internal/platform/discord/discord.go:87.8,89.3 1 0
github.com/naozhi/naozhi/internal/platform/discord/discord.go:91.2,91.12 1 0
github.com/naozhi/naozhi/internal/platform/discord/discord.go:95.32,96.22 1 1
github.com/naozhi/naozhi/internal/platform/discord/discord.go:96.22,97.43 1 0
github.com/naozhi/naozhi/internal/platform/discord/discord.go:97.43,99.4 1 0
github.com/naozhi/naozhi/internal/platform/discord/discord.go:101.2,101.12 1 1
github.com/naozhi/naozhi/internal/platform/discord/discord.go:105.92,107.25 1 0
github.com/naozhi/naozhi/internal/platform/discord/discord.go:107.25,109.34 2 0
github.com/naozhi/naozhi/internal/platform/discord/discord.go:109.34,111.24 2 0
github.com/naozhi/naozhi/internal/platform/discord/discord.go:112.22,113.17 1 0
github.com/naozhi/naozhi/internal/platform/discord/discord.go:114.21,115.17 1 0
github.com/naozhi/naozhi/internal/platform/discord/discord.go:116.22,117.18 1 0
github.com/naozhi/naozhi/internal/platform/discord/discord.go:119.4,123.6 1 0
github.com/naozhi/naozhi/internal/platform/discord/discord.go:125.3,130.17 3 0
github.com/naozhi/naozhi/internal/platform/discord/discord.go:130.17,132.4 1 0
github.com/naozhi/naozhi/internal/platform/discord/discord.go:133.3,133.38 1 0
github.com/naozhi/naozhi/internal/platform/discord/discord.go:136.2,137.16 2 0
github.com/naozhi/naozhi/internal/platform/discord/discord.go:137.16,139.3 1 0
github.com/naozhi/naozhi/internal/platform/discord/discord.go:140.2,140.37 1 0
github.com/naozhi/naozhi/internal/platform/discord/discord.go:144.85,146.21 2 1
github.com/naozhi/naozhi/internal/platform/discord/discord.go:146.21,148.3 1 1
github.com/naozhi/naozhi/internal/platform/discord/discord.go:149.2,149.110 1 0
github.com/naozhi/naozhi/internal/platform/discord/discord.go:149.110,151.3 1 0
github.com/naozhi/naozhi/internal/platform/discord/discord.go:152.2,152.12 1 0
github.com/naozhi/naozhi/internal/platform/discord/discord.go:155.85,156.21 1 1
github.com/naozhi/naozhi/internal/platform/discord/discord.go:156.21,158.3 1 1
github.com/naozhi/naozhi/internal/platform/discord/discord.go:159.2,159.28 1 1
github.com/naozhi/naozhi/internal/platform/discord/discord.go:159.28,161.3 1 1
github.com/naozhi/naozhi/internal/platform/discord/discord.go:162.2,162.18 1 1
github.com/naozhi/naozhi/internal/platform/discord/discord.go:162.18,164.3 1 1
github.com/naozhi/naozhi/internal/platform/discord/discord.go:166.2,169.31 3 1
github.com/naozhi/naozhi/internal/platform/discord/discord.go:169.31,170.22 1 1
github.com/naozhi/naozhi/internal/platform/discord/discord.go:170.22,174.9 4 1
github.com/naozhi/naozhi/internal/platform/discord/discord.go:177.2,185.36 4 1
github.com/naozhi/naozhi/internal/platform/discord/discord.go:185.36,186.43 1 0
github.com/naozhi/naozhi/internal/platform/discord/discord.go:186.43,187.12 1 0
github.com/naozhi/naozhi/internal/platform/discord/discord.go:189.3,189.86 1 0
github.com/naozhi/naozhi/internal/platform/discord/discord.go:192.2,192.37 1 1
github.com/naozhi/naozhi/internal/platform/discord/discord.go:192.37,194.3 1 1
github.com/naozhi/naozhi/internal/platform/discord/discord.go:196.2,197.21 2 1
github.com/naozhi/naozhi/internal/platform/discord/discord.go:197.21,199.3 1 1
github.com/naozhi/naozhi/internal/platform/discord/discord.go:201.2,212.12 2 1
github.com/naozhi/naozhi/internal/platform/discord/discord.go:212.12,213.29 1 1
github.com/naozhi/naozhi/internal/platform/discord/discord.go:213.29,215.18 2 0
github.com/naozhi/naozhi/internal/platform/discord/discord.go:215.18,217.13 2 0
github.com/naozhi/naozhi/internal/platform/discord/discord.go:219.4,219.79 1 0
github.com/naozhi/naozhi/internal/platform/discord/discord.go:221.3,221.39 1 1
github.com/naozhi/naozhi/internal/platform/discord/discord.go:225.41,227.2 1 0
github.com/naozhi/naozhi/internal/platform/discord/discord.go:231.54,233.16 2 0
github.com/naozhi/naozhi/internal/platform/discord/discord.go:233.16,235.3 1 0
github.com/naozhi/naozhi/internal/platform/discord/discord.go:236.2,237.38 2 0
github.com/naozhi/naozhi/internal/platform/discord/discord.go:237.38,239.3 1 0
github.com/naozhi/naozhi/internal/platform/discord/discord.go:240.2,241.16 2 0
github.com/naozhi/naozhi/internal/platform/discord/discord.go:241.16,243.3 1 0
github.com/naozhi/naozhi/internal/platform/discord/discord.go:244.2,245.14 2 0
github.com/naozhi/naozhi/internal/platform/discord/discord.go:245.14,247.3 1 0
github.com/naozhi/naozhi/internal/platform/discord/discord.go:248.2,248.22 1 0
github.com/naozhi/naozhi/internal/platform/discord/discord.go:251.40,252.45 1 0
github.com/naozhi/naozhi/internal/platform/discord/discord.go:252.45,254.3 1 0
github.com/naozhi/naozhi/internal/platform/discord/discord.go:255.2,255.30 1 0
github.com/naozhi/naozhi/cmd/naozhi/main.go:27.13,32.16 4 0
github.com/naozhi/naozhi/cmd/naozhi/main.go:32.16,35.3 2 0
github.com/naozhi/naozhi/cmd/naozhi/main.go:38.2,39.23 2 0
github.com/naozhi/naozhi/cmd/naozhi/main.go:40.15,41.26 1 0
github.com/naozhi/naozhi/cmd/naozhi/main.go:42.14,43.25 1 0
github.com/naozhi/naozhi/cmd/naozhi/main.go:44.15,45.26 1 0
github.com/naozhi/naozhi/cmd/naozhi/main.go:47.2,51.25 3 0
github.com/naozhi/naozhi/cmd/naozhi/main.go:52.14,53.29 1 0
github.com/naozhi/naozhi/cmd/naozhi/main.go:54.10,55.32 1 0
github.com/naozhi/naozhi/cmd/naozhi/main.go:57.2,84.33 9 0
github.com/naozhi/naozhi/cmd/naozhi/main.go:84.33,94.3 2 0
github.com/naozhi/naozhi/cmd/naozhi/main.go:95.2,95.32 1 0
github.com/naozhi/naozhi/cmd/naozhi/main.go:95.32,102.3 2 0
github.com/naozhi/naozhi/cmd/naozhi/main.go:103.2,103.34 1 0
github.com/naozhi/naozhi/cmd/naozhi/main.go:103.34,109.3 2 0
github.com/naozhi/naozhi/cmd/naozhi/main.go:111.2,111.25 1 0
github.com/naozhi/naozhi/cmd/naozhi/main.go:111.25,114.3 2 0
github.com/naozhi/naozhi/cmd/naozhi/main.go:117.2,118.33 2 0
github.com/naozhi/naozhi/cmd/naozhi/main.go:118.33,123.3 1 0
github.com/naozhi/naozhi/cmd/naozhi/main.go:126.2,126.46 1 0
github.com/naozhi/naozhi/cmd/naozhi/main.go:126.46,127.36 1 0
github.com/naozhi/naozhi/cmd/naozhi/main.go:127.36,130.4 2 0
github.com/naozhi/naozhi/cmd/naozhi/main.go:134.2,143.42 2 0
github.com/naozhi/naozhi/cmd/naozhi/main.go:143.42,146.3 2 0
github.com/naozhi/naozhi/cmd/naozhi/main.go:149.2,154.12 4 0
github.com/naozhi/naozhi/cmd/naozhi/main.go:154.12,160.3 5 0
github.com/naozhi/naozhi/cmd/naozhi/main.go:162.2,171.80 2 0
github.com/naozhi/naozhi/cmd/naozhi/main.go:171.80,174.3 2 0
github.com/naozhi/naozhi/internal/server/image.go:21.46,25.31 4 1
github.com/naozhi/naozhi/internal/server/image.go:25.31,28.17 2 1
github.com/naozhi/naozhi/internal/server/image.go:28.17,29.12 1 1
github.com/naozhi/naozhi/internal/server/image.go:32.3,33.31 2 1
github.com/naozhi/naozhi/internal/server/image.go:33.31,34.12 1 1
github.com/naozhi/naozhi/internal/server/image.go:36.3,37.33 2 1
github.com/naozhi/naozhi/internal/server/image.go:37.33,38.12 1 1
github.com/naozhi/naozhi/internal/server/image.go:40.3,40.37 1 1
github.com/naozhi/naozhi/internal/server/image.go:40.37,41.12 1 0
github.com/naozhi/naozhi/internal/server/image.go:43.3,44.20 2 1
github.com/naozhi/naozhi/internal/server/image.go:46.2,46.14 1 1
github.com/naozhi/naozhi/internal/server/image.go:49.39,50.36 1 1
github.com/naozhi/naozhi/internal/server/image.go:50.36,51.35 1 1
github.com/naozhi/naozhi/internal/server/image.go:51.35,53.4 1 1
github.com/naozhi/naozhi/internal/server/image.go:55.2,55.14 1 1
github.com/naozhi/naozhi/internal/server/image.go:59.39,60.45 1 1
github.com/naozhi/naozhi/internal/server/image.go:61.14,62.21 1 1
github.com/naozhi/naozhi/internal/server/image.go:63.23,64.22 1 1
github.com/naozhi/naozhi/internal/server/image.go:65.14,66.21 1 1
github.com/naozhi/naozhi/internal/server/image.go:67.15,68.22 1 1
github.com/naozhi/naozhi/internal/server/image.go:69.14,70.21 1 1
github.com/naozhi/naozhi/internal/server/image.go:71.10,72.21 1 1
github.com/naozhi/naozhi/internal/server/image.go:78.40,79.45 1 0
github.com/naozhi/naozhi/internal/server/image.go:79.45,81.3 1 0
github.com/naozhi/naozhi/internal/server/image.go:82.2,82.30 1 0
github.com/naozhi/naozhi/internal/server/server.go:41.208,43.23 2 1
github.com/naozhi/naozhi/internal/server/server.go:43.23,45.3 1 0
github.com/naozhi/naozhi/internal/server/server.go:46.2,57.3 1 1
github.com/naozhi/naozhi/internal/server/server.go:61.51,64.32 2 0
github.com/naozhi/naozhi/internal/server/server.go:64.32,68.50 3 0
github.com/naozhi/naozhi/internal/server/server.go:68.50,69.44 1 0
github.com/naozhi/naozhi/internal/server/server.go:69.44,71.5 1 0
github.com/naozhi/naozhi/internal/server/server.go:75.2,85.12 4 0
github.com/naozhi/naozhi/internal/server/server.go:85.12,90.33 3 0
github.com/naozhi/naozhi/internal/server/server.go:90.33,91.51 1 0
github.com/naozhi/naozhi/internal/server/server.go:91.51,92.37 1 0
github.com/naozhi/naozhi/internal/server/server.go:92.37,94.6 1 0
github.com/naozhi/naozhi/internal/server/server.go:98.3,100.51 3 0
github.com/naozhi/naozhi/internal/server/server.go:100.51,102.4 1 0
github.com/naozhi/naozhi/internal/server/server.go:105.2,105.29 1 0
github.com/naozhi/naozhi/internal/server/server.go:108.64,109.65 1 1
github.com/naozhi/naozhi/internal/server/server.go:109.65,110.32 1 1
github.com/naozhi/naozhi/internal/server/server.go:110.32,112.4 1 1
github.com/naozhi/naozhi/internal/server/server.go:114.3,118.65 3 1
github.com/naozhi/naozhi/internal/server/server.go:118.65,119.26 1 1
github.com/naozhi/naozhi/internal/server/server.go:119.26,121.5 1 1
github.com/naozhi/naozhi/internal/server/server.go:122.4,122.10 1 1
github.com/naozhi/naozhi/internal/server/server.go:126.3,126.63 1 1
github.com/naozhi/naozhi/internal/server/server.go:126.63,128.64 2 1
github.com/naozhi/naozhi/internal/server/server.go:128.64,129.48 1 1
github.com/naozhi/naozhi/internal/server/server.go:129.48,131.6 1 1
github.com/naozhi/naozhi/internal/server/server.go:131.11,132.50 1 1
github.com/naozhi/naozhi/internal/server/server.go:132.50,134.7 1 1
github.com/naozhi/naozhi/internal/server/server.go:135.6,135.12 1 1
github.com/naozhi/naozhi/internal/server/server.go:138.4,140.48 3 1
github.com/naozhi/naozhi/internal/server/server.go:140.48,142.34 2 1
github.com/naozhi/naozhi/internal/server/server.go:142.34,144.6 1 1
github.com/naozhi/naozhi/internal/server/server.go:145.5,145.104 1 1
github.com/naozhi/naozhi/internal/server/server.go:147.4,148.10 2 1
github.com/naozhi/naozhi/internal/server/server.go:152.3,153.46 2 0
github.com/naozhi/naozhi/internal/server/server.go:153.46,154.28 1 0
github.com/naozhi/naozhi/internal/server/server.go:154.28,155.49 1 0
github.com/naozhi/naozhi/internal/server/server.go:155.49,157.6 1 0
github.com/naozhi/naozhi/internal/server/server.go:159.4,159.10 1 0
github.com/naozhi/naozhi/internal/server/server.go:162.3,166.17 4 0
github.com/naozhi/naozhi/internal/server/server.go:166.17,168.48 2 0
github.com/naozhi/naozhi/internal/server/server.go:168.48,170.5 1 0
github.com/naozhi/naozhi/internal/server/server.go:171.4,171.10 1 0
github.com/naozhi/naozhi/internal/server/server.go:174.3,175.15 2 0
github.com/naozhi/naozhi/internal/server/server.go:175.15,178.4 2 0
github.com/naozhi/naozhi/internal/server/server.go:181.3,184.33 3 0
github.com/naozhi/naozhi/internal/server/server.go:184.33,185.27 1 0
github.com/naozhi/naozhi/internal/server/server.go:185.27,187.19 2 0
github.com/naozhi/naozhi/internal/server/server.go:187.19,189.6 1 0
github.com/naozhi/naozhi/internal/server/server.go:194.3,195.34 2 0
github.com/naozhi/naozhi/internal/server/server.go:195.34,197.4 1 0
github.com/naozhi/naozhi/internal/server/server.go:199.3,202.17 3 0
github.com/naozhi/naozhi/internal/server/server.go:202.17,206.4 3 0
github.com/naozhi/naozhi/internal/server/server.go:208.3,213.53 4 0
github.com/naozhi/naozhi/internal/server/server.go:213.53,215.18 2 0
github.com/naozhi/naozhi/internal/server/server.go:215.18,216.13 1 0
github.com/naozhi/naozhi/internal/server/server.go:218.4,219.63 2 0
github.com/naozhi/naozhi/internal/server/server.go:223.3,223.22 1 0
github.com/naozhi/naozhi/internal/server/server.go:223.22,224.27 1 0
github.com/naozhi/naozhi/internal/server/server.go:224.27,225.72 1 0
github.com/naozhi/naozhi/internal/server/server.go:225.72,228.6 2 0
github.com/naozhi/naozhi/internal/server/server.go:229.10,231.5 1 0
github.com/naozhi/naozhi/internal/server/server.go:235.3,235.33 1 0
github.com/naozhi/naozhi/internal/server/server.go:235.33,239.19 1 0
github.com/naozhi/naozhi/internal/server/server.go:239.19,241.5 1 0
github.com/naozhi/naozhi/internal/server/server.go:247.96,249.17 2 1
github.com/naozhi/naozhi/internal/server/server.go:249.17,251.3 1 0
github.com/naozhi/naozhi/internal/server/server.go:253.2,254.31 2 1
github.com/naozhi/naozhi/internal/server/server.go:254.31,255.96 1 1
github.com/naozhi/naozhi/internal/server/server.go:255.96,257.4 1 0
github.com/naozhi/naozhi/internal/server/server.go:261.50,262.25 1 1
github.com/naozhi/naozhi/internal/server/server.go:262.25,264.3 1 1
github.com/naozhi/naozhi/internal/server/server.go:265.2,266.20 2 1
github.com/naozhi/naozhi/internal/server/server.go:266.20,268.22 2 1
github.com/naozhi/naozhi/internal/server/server.go:268.22,270.4 1 1
github.com/naozhi/naozhi/internal/server/server.go:272.3,272.22 1 1
github.com/naozhi/naozhi/internal/server/server.go:272.22,273.66 1 1
github.com/naozhi/naozhi/internal/server/server.go:273.66,275.5 1 1
github.com/naozhi/naozhi/internal/server/server.go:277.3,278.20 2 1
github.com/naozhi/naozhi/internal/server/server.go:280.2,280.15 1 1
github.com/naozhi/naozhi/internal/server/server.go:283.71,290.17 3 1
github.com/naozhi/naozhi/internal/server/server.go:290.17,292.3 1 0
github.com/naozhi/naozhi/internal/server/server.go:296.121,298.14 2 1
github.com/naozhi/naozhi/internal/server/server.go:298.14,300.3 1 0
github.com/naozhi/naozhi/internal/server/server.go:301.2,301.29 1 1
github.com/naozhi/naozhi/internal/server/server.go:301.29,303.3 1 1
github.com/naozhi/naozhi/internal/server/server.go:306.2,308.21 3 1
github.com/naozhi/naozhi/internal/server/server.go:308.21,310.3 1 1
github.com/naozhi/naozhi/internal/server/server.go:312.2,312.13 1 1
github.com/naozhi/naozhi/internal/server/server.go:313.13,314.21 1 1
github.com/naozhi/naozhi/internal/server/server.go:314.21,317.4 2 0
github.com/naozhi/naozhi/internal/server/server.go:318.3,319.17 2 1
github.com/naozhi/naozhi/internal/server/server.go:319.17,322.4 2 1
github.com/naozhi/naozhi/internal/server/server.go:323.3,331.49 2 1
github.com/naozhi/naozhi/internal/server/server.go:331.49,334.4 2 1
github.com/naozhi/naozhi/internal/server/server.go:335.3,337.71 3 0
github.com/naozhi/naozhi/internal/server/server.go:339.14,341.21 2 1
github.com/naozhi/naozhi/internal/server/server.go:341.21,344.4 2 1
github.com/naozhi/naozhi/internal/server/server.go:345.3,347.26 3 0
github.com/naozhi/naozhi/internal/server/server.go:347.26,349.16 2 0
github.com/naozhi/naozhi/internal/server/server.go:349.16,351.5 1 0
github.com/naozhi/naozhi/internal/server/server.go:352.4,352.89 1 0
github.com/naozhi/naozhi/internal/server/server.go:354.3,354.21 1 0
github.com/naozhi/naozhi/internal/server/server.go:356.13,357.21 1 1
github.com/naozhi/naozhi/internal/server/server.go:357.21,360.4 2 1
github.com/naozhi/naozhi/internal/server/server.go:361.3,362.17 2 0
github.com/naozhi/naozhi/internal/server/server.go:362.17,365.4 2 0
github.com/naozhi/naozhi/internal/server/server.go:366.3,367.43 2 0
github.com/naozhi/naozhi/internal/server/server.go:369.15,370.21 1 0
github.com/naozhi/naozhi/internal/server/server.go:370.21,373.4 2 0
github.com/naozhi/naozhi/internal/server/server.go:374.3,375.17 2 0
github.com/naozhi/naozhi/internal/server/server.go:375.17,378.4 2 0
github.com/naozhi/naozhi/internal/server/server.go:379.3,380.42 2 0
github.com/naozhi/naozhi/internal/server/server.go:382.16,383.21 1 0
github.com/naozhi/naozhi/internal/server/server.go:383.21,386.4 2 0
github.com/naozhi/naozhi/internal/server/server.go:387.3,388.17 2 0
github.com/naozhi/naozhi/internal/server/server.go:388.17,391.4 2 0
github.com/naozhi/naozhi/internal/server/server.go:392.3,394.43 3 0
github.com/naozhi/naozhi/internal/server/server.go:396.10,403.26 1 1
github.com/naozhi/naozhi/internal/server/server.go:408.69,410.36 1 1
github.com/naozhi/naozhi/internal/server/server.go:410.36,412.3 1 1
github.com/naozhi/naozhi/internal/server/server.go:413.2,414.13 2 1
github.com/naozhi/naozhi/internal/server/server.go:414.13,416.3 1 1
github.com/naozhi/naozhi/internal/server/server.go:417.2,419.18 3 1
github.com/naozhi/naozhi/internal/server/server.go:419.18,421.3 1 1
github.com/naozhi/naozhi/internal/server/server.go:422.2,422.30 1 1
github.com/naozhi/naozhi/internal/platform/feishu/feishu.go:50.30,51.26 1 1
github.com/naozhi/naozhi/internal/platform/feishu/feishu.go:51.26,53.3 1 1
github.com/naozhi/naozhi/internal/platform/feishu/feishu.go:54.2,55.16 2 1
github.com/naozhi/naozhi/internal/platform/feishu/feishu.go:55.16,57.3 1 1
github.com/naozhi/naozhi/internal/platform/feishu/feishu.go:58.2,58.73 1 1
github.com/naozhi/naozhi/internal/platform/feishu/feishu.go:61.32,61.51 1 0
github.com/naozhi/naozhi/internal/platform/feishu/feishu.go:63.39,63.67 1 1
github.com/naozhi/naozhi/internal/platform/feishu/feishu.go:65.32,65.49 1 1
github.com/naozhi/naozhi/internal/platform/feishu/feishu.go:68.86,69.25 1 0
github.com/naozhi/naozhi/internal/platform/feishu/feishu.go:69.25,71.3 1 0
github.com/naozhi/naozhi/internal/platform/feishu/feishu.go:75.63,76.15 1 1
github.com/naozhi/naozhi/internal/platform/feishu/feishu.go:76.15,78.3 1 1
github.com/naozhi/naozhi/internal/platform/feishu/feishu.go:79.2,81.27 3 1
github.com/naozhi/naozhi/internal/platform/feishu/feishu.go:81.27,84.3 2 0
github.com/naozhi/naozhi/internal/platform/feishu/feishu.go:85.2,86.12 2 1
github.com/naozhi/naozhi/internal/platform/feishu/feishu.go:90.31,91.21 1 1
github.com/naozhi/naozhi/internal/platform/feishu/feishu.go:91.21,94.3 2 1
github.com/naozhi/naozhi/internal/platform/feishu/feishu.go:95.2,95.12 1 1
github.com/naozhi/naozhi/internal/platform/feishu/feishu.go:99.91,103.20 2 0
github.com/naozhi/naozhi/internal/platform/feishu/feishu.go:103.20,105.17 2 0
github.com/naozhi/naozhi/internal/platform/feishu/feishu.go:105.17,107.4 1 0
github.com/naozhi/naozhi/internal/platform/feishu/feishu.go:108.3,108.17 1 0
github.com/naozhi/naozhi/internal/platform/feishu/feishu.go:112.2,112.33 1 0
github.com/naozhi/naozhi/internal/platform/feishu/feishu.go:112.33,114.17 2 0
github.com/naozhi/naozhi/internal/platform/feishu/feishu.go:114.17,116.12 2 0
github.com/naozhi/naozhi/internal/platform/feishu/feishu.go:118.3,118.17 1 0
github.com/naozhi/naozhi/internal/platform/feishu/feishu.go:121.2,121.23 1 0
github.com/naozhi/naozhi/internal/platform/feishu/feishu.go:124.85,126.16 2 0
github.com/naozhi/naozhi/internal/platform/feishu/feishu.go:126.16,128.3 1 0
github.com/naozhi/naozhi/internal/platform/feishu/feishu.go:130.2,131.16 2 0
github.com/naozhi/naozhi/internal/platform/feishu/feishu.go:131.16,133.3 1 0
github.com/naozhi/naozhi/internal/platform/feishu/feishu.go:134.2,139.16 2 0
github.com/naozhi/naozhi/internal/platform/feishu/feishu.go:139.16,141.3 1 0
github.com/naozhi/naozhi/internal/platform/feishu/feishu.go:143.2,146.16 2 0
github.com/naozhi/naozhi/internal/platform/feishu/feishu.go:146.16,148.3 1 0
github.com/naozhi/naozhi/internal/platform/feishu/feishu.go:149.2,153.16 4 0
github.com/naozhi/naozhi/internal/platform/feishu/feishu.go:153.16,155.3 1 0
github.com/naozhi/naozhi/internal/platform/feishu/feishu.go:156.2,165.67 3 0
github.com/naozhi/naozhi/internal/platform/feishu/feishu.go:165.67,167.3 1 0
github.com/naozhi/naozhi/internal/platform/feishu/feishu.go:168.2,168.22 1 0
github.com/naozhi/naozhi/internal/platform/feishu/feishu.go:168.22,170.3 1 0
github.com/naozhi/naozhi/internal/platform/feishu/feishu.go:172.2,172.35 1 0
github.com/naozhi/naozhi/internal/platform/feishu/feishu.go:175.100,177.16 2 0
github.com/naozhi/naozhi/internal/platform/feishu/feishu.go:177.16,179.3 1 0
github.com/naozhi/naozhi/internal/platform/feishu/feishu.go:181.2,182.16 2 0
github.com/naozhi/naozhi/internal/platform/feishu/feishu.go:182.16,184.3 1 0
github.com/naozhi/naozhi/internal/platform/feishu/feishu.go:186.2,187.16 2 0
github.com/naozhi/naozhi/internal/platform/feishu/feishu.go:187.16,189.3 1 0
github.com/naozhi/naozhi/internal/platform/feishu/feishu.go:190.2,195.16 2 0
github.com/naozhi/naozhi/internal/platform/feishu/feishu.go:195.16,197.3 1 0
github.com/naozhi/naozhi/internal/platform/feishu/feishu.go:199.2,202.16 2 0
github.com/naozhi/naozhi/internal/platform/feishu/feishu.go:202.16,204.3 1 0
github.com/naozhi/naozhi/internal/platform/feishu/feishu.go:205.2,209.16 4 0
github.com/naozhi/naozhi/internal/platform/feishu/feishu.go:209.16,211.3 1 0
github.com/naozhi/naozhi/internal/platform/feishu/feishu.go:212.2,221.67 3 0
github.com/naozhi/naozhi/internal/platform/feishu/feishu.go:221.67,223.3 1 0
github.com/naozhi/naozhi/internal/platform/feishu/feishu.go:224.2,224.22 1 0
github.com/naozhi/naozhi/internal/platform/feishu/feishu.go:224.22,226.3 1 0
github.com/naozhi/naozhi/internal/platform/feishu/feishu.go:227.2,227.35 1 0
github.com/naozhi/naozhi/internal/platform/feishu/feishu.go:231.94,233.16 2 0
github.com/naozhi/naozhi/internal/platform/feishu/feishu.go:233.16,235.3 1 0
github.com/naozhi/naozhi/internal/platform/feishu/feishu.go:237.2,239.16 2 0
github.com/naozhi/naozhi/internal/platform/feishu/feishu.go:239.16,241.3 1 0
github.com/naozhi/naozhi/internal/platform/feishu/feishu.go:242.2,245.16 3 0
github.com/naozhi/naozhi/internal/platform/feishu/feishu.go:245.16,247.3 1 0
github.com/naozhi/naozhi/internal/platform/feishu/feishu.go:248.2,250.38 2 0
github.com/naozhi/naozhi/internal/platform/feishu/feishu.go:250.38,252.3 1 0
github.com/naozhi/naozhi/internal/platform/feishu/feishu.go:254.2,255.16 2 0
github.com/naozhi/naozhi/internal/platform/feishu/feishu.go:255.16,257.3 1 0
github.com/naozhi/naozhi/internal/platform/feishu/feishu.go:259.2,261.54 2 0
github.com/naozhi/naozhi/internal/platform/feishu/feishu.go:261.54,263.3 1 0
github.com/naozhi/naozhi/internal/platform/feishu/feishu.go:264.2,264.68 1 0
github.com/naozhi/naozhi/internal/platform/feishu/feishu.go:264.68,266.3 1 0
github.com/naozhi/naozhi/internal/platform/feishu/feishu.go:267.2,267.31 1 0
github.com/naozhi/naozhi/internal/platform/feishu/feishu.go:271.97,273.16 2 0
github.com/naozhi/naozhi/internal/platform/feishu/feishu.go:273.16,275.3 1 0
github.com/naozhi/naozhi/internal/platform/feishu/feishu.go:278.2,279.18 2 0
github.com/naozhi/naozhi/internal/platform/feishu/feishu.go:280.20,281.25 1 0
github.com/naozhi/naozhi/internal/platform/feishu/feishu.go:282.19,283.25 1 0
github.com/naozhi/naozhi/internal/platform/feishu/feishu.go:284.20,285.26 1 0
github.com/naozhi/naozhi/internal/platform/feishu/feishu.go:288.2,290.62 3 0
github.com/naozhi/naozhi/internal/platform/feishu/feishu.go:290.62,292.3 1 0
github.com/naozhi/naozhi/internal/platform/feishu/feishu.go:293.2,294.16 2 0
github.com/naozhi/naozhi/internal/platform/feishu/feishu.go:294.16,296.3 1 0
github.com/naozhi/naozhi/internal/platform/feishu/feishu.go:297.2,297.44 1 0
github.com/naozhi/naozhi/internal/platform/feishu/feishu.go:297.44,299.3 1 0
github.com/naozhi/naozhi/internal/platform/feishu/feishu.go:300.2,304.16 3 0
github.com/naozhi/naozhi/internal/platform/feishu/feishu.go:304.16,306.3 1 0
github.com/naozhi/naozhi/internal/platform/feishu/feishu.go:307.2,311.16 4 0
github.com/naozhi/naozhi/internal/platform/feishu/feishu.go:311.16,313.3 1 0
github.com/naozhi/naozhi/internal/platform/feishu/feishu.go:314.2,323.67 3 0
github.com/naozhi/naozhi/internal/platform/feishu/feishu.go:323.67,325.3 1 0
github.com/naozhi/naozhi/internal/platform/feishu/feishu.go:326.2,326.22 1 0
github.com/naozhi/naozhi/internal/platform/feishu/feishu.go:326.22,328.3 1 0
github.com/naozhi/naozhi/internal/platform/feishu/feishu.go:329.2,329.34 1 0
github.com/naozhi/naozhi/internal/platform/feishu/feishu.go:333.84,335.16 2 0
github.com/naozhi/naozhi/internal/platform/feishu/feishu.go:335.16,337.3 1 0
github.com/naozhi/naozhi/internal/platform/feishu/feishu.go:339.2,340.16 2 0
github.com/naozhi/naozhi/internal/platform/feishu/feishu.go:340.16,342.3 1 0
github.com/naozhi/naozhi/internal/platform/feishu/feishu.go:343.2,347.16 2 0
github.com/naozhi/naozhi/internal/platform/feishu/feishu.go:347.16,349.3 1 0
github.com/naozhi/naozhi/internal/platform/feishu/feishu.go:351.2,354.16 2 0
github.com/naozhi/naozhi/internal/platform/feishu/feishu.go:354.16,356.3 1 0
github.com/naozhi/naozhi/internal/platform/feishu/feishu.go:357.2,361.16 4 0
github.com/naozhi/naozhi/internal/platform/feishu/feishu.go:361.16,363.3 1 0
github.com/naozhi/naozhi/internal/platform/feishu/feishu.go:364.2,370.67 3 0
github.com/naozhi/naozhi/internal/platform/feishu/feishu.go:370.67,372.3 1 0
github.com/naozhi/naozhi/internal/platform/feishu/feishu.go:373.2,373.22 1 0
github.com/naozhi/naozhi/internal/platform/feishu/feishu.go:373.22,375.3 1 0
github.com/naozhi/naozhi/internal/platform/feishu/feishu.go:376.2,376.12 1 0
github.com/naozhi/naozhi/internal/platform/feishu/feishu.go:380.70,384.61 3 0
github.com/naozhi/naozhi/internal/platform/feishu/feishu.go:384.61,386.3 1 0
github.com/naozhi/naozhi/internal/platform/feishu/feishu.go:388.2,392.16 2 0
github.com/naozhi/naozhi/internal/platform/feishu/feishu.go:392.16,394.3 1 0
github.com/naozhi/naozhi/internal/platform/feishu/feishu.go:397.2,403.16 4 0
github.com/naozhi/naozhi/internal/platform/feishu/feishu.go:403.16,405.3 1 0
github.com/naozhi/naozhi/internal/platform/feishu/feishu.go:406.2,409.16 3 0
github.com/naozhi/naozhi/internal/platform/feishu/feishu.go:409.16,411.3 1 0
github.com/naozhi/naozhi/internal/platform/feishu/feishu.go:412.2,419.67 3 0
github.com/naozhi/naozhi/internal/platform/feishu/feishu.go:419.67,421.3 1 0
github.com/naozhi/naozhi/internal/platform/feishu/feishu.go:422.2,422.22 1 0
github.com/naozhi/naozhi/internal/platform/feishu/feishu.go:422.22,424.3 1 0
github.com/naozhi/naozhi/internal/platform/feishu/feishu.go:426.2,428.27 3 0
github.com/naozhi/naozhi/internal/platform/feishu/feishu.go:432.95,433.22 1 1
github.com/naozhi/naozhi/internal/platform/feishu/feishu.go:433.22,435.3 1 1
github.com/naozhi/naozhi/internal/platform/feishu/feishu.go:436.2,439.77 4 1
github.com/naozhi/naozhi/internal/platform/feishu/transport_hook.go:15.87,16.86 1 1
github.com/naozhi/naozhi/internal/platform/feishu/transport_hook.go:16.86,19.17 3 1
github.com/naozhi/naozhi/internal/platform/feishu/transport_hook.go:19.17,22.4 2 0
github.com/naozhi/naozhi/internal/platform/feishu/transport_hook.go:24.3,39.57 3 1
github.com/naozhi/naozhi/internal/platform/feishu/transport_hook.go:39.57,42.4 2 1
github.com/naozhi/naozhi/internal/platform/feishu/transport_hook.go:45.3,45.42 1 1
github.com/naozhi/naozhi/internal/platform/feishu/transport_hook.go:45.42,49.4 3 1
github.com/naozhi/naozhi/internal/platform/feishu/transport_hook.go:52.3,52.36 1 1
github.com/naozhi/naozhi/internal/platform/feishu/transport_hook.go:52.36,54.61 2 1
github.com/naozhi/naozhi/internal/platform/feishu/transport_hook.go:54.61,56.5 1 1
github.com/naozhi/naozhi/internal/platform/feishu/transport_hook.go:57.4,57.40 1 1
github.com/naozhi/naozhi/internal/platform/feishu/transport_hook.go:57.40,61.5 3 1
github.com/naozhi/naozhi/internal/platform/feishu/transport_hook.go:65.3,65.29 1 1
github.com/naozhi/naozhi/internal/platform/feishu/transport_hook.go:65.29,69.71 4 1
github.com/naozhi/naozhi/internal/platform/feishu/transport_hook.go:69.71,73.5 3 1
github.com/naozhi/naozhi/internal/platform/feishu/transport_hook.go:77.3,81.29 3 1
github.com/naozhi/naozhi/internal/platform/feishu/transport_hook.go:81.29,83.4 1 1
github.com/naozhi/naozhi/internal/platform/feishu/transport_hook.go:84.3,84.43 1 1
github.com/naozhi/naozhi/internal/platform/feishu/transport_hook.go:84.43,86.4 1 1
github.com/naozhi/naozhi/internal/platform/feishu/transport_hook.go:89.3,107.64 2 1
github.com/naozhi/naozhi/internal/platform/feishu/transport_hook.go:107.64,110.4 2 0
github.com/naozhi/naozhi/internal/platform/feishu/transport_hook.go:113.3,114.46 2 1
github.com/naozhi/naozhi/internal/platform/feishu/transport_hook.go:114.46,116.4 1 0
github.com/naozhi/naozhi/internal/platform/feishu/transport_hook.go:119.3,120.29 2 1
github.com/naozhi/naozhi/internal/platform/feishu/transport_hook.go:120.29,122.4 1 1
github.com/naozhi/naozhi/internal/platform/feishu/transport_hook.go:124.3,125.40 2 1
github.com/naozhi/naozhi/internal/platform/feishu/transport_hook.go:125.40,127.4 1 1
github.com/naozhi/naozhi/internal/platform/feishu/transport_hook.go:129.3,138.18 2 1
github.com/naozhi/naozhi/internal/platform/feishu/transport_hook.go:139.15,143.82 2 1
github.com/naozhi/naozhi/internal/platform/feishu/transport_hook.go:143.82,145.5 1 0
github.com/naozhi/naozhi/internal/platform/feishu/transport_hook.go:146.4,147.45 2 1
github.com/naozhi/naozhi/internal/platform/feishu/transport_hook.go:147.45,149.5 1 0
github.com/naozhi/naozhi/internal/platform/feishu/transport_hook.go:150.4,151.18 2 1
github.com/naozhi/naozhi/internal/platform/feishu/transport_hook.go:151.18,153.5 1 0
github.com/naozhi/naozhi/internal/platform/feishu/transport_hook.go:154.4,155.41 2 1
github.com/naozhi/naozhi/internal/platform/feishu/transport_hook.go:157.16,161.108 2 1
github.com/naozhi/naozhi/internal/platform/feishu/transport_hook.go:161.108,163.5 1 1
github.com/naozhi/naozhi/internal/platform/feishu/transport_hook.go:164.4,164.14 1 0
github.com/naozhi/naozhi/internal/platform/feishu/transport_hook.go:164.14,166.19 2 0
github.com/naozhi/naozhi/internal/platform/feishu/transport_hook.go:166.19,169.6 2 0
github.com/naozhi/naozhi/internal/platform/feishu/transport_hook.go:170.5,171.39 2 0
github.com/naozhi/naozhi/internal/platform/feishu/transport_ws.go:17.41,26.89 5 0
github.com/naozhi/naozhi/internal/platform/feishu/transport_ws.go:26.89,28.10 2 0
github.com/naozhi/naozhi/internal/platform/feishu/transport_ws.go:28.10,30.4 1 0
github.com/naozhi/naozhi/internal/platform/feishu/transport_ws.go:31.3,31.21 1 0
github.com/naozhi/naozhi/internal/platform/feishu/transport_ws.go:31.21,32.14 1 0
github.com/naozhi/naozhi/internal/platform/feishu/transport_ws.go:32.14,34.19 2 0
github.com/naozhi/naozhi/internal/platform/feishu/transport_ws.go:34.19,37.6 2 0
github.com/naozhi/naozhi/internal/platform/feishu/transport_ws.go:38.5,39.39 2 0
github.com/naozhi/naozhi/internal/platform/feishu/transport_ws.go:41.9,43.4 1 0
github.com/naozhi/naozhi/internal/platform/feishu/transport_ws.go:44.3,44.13 1 0
github.com/naozhi/naozhi/internal/platform/feishu/transport_ws.go:47.2,52.12 2 0
github.com/naozhi/naozhi/internal/platform/feishu/transport_ws.go:52.12,55.60 3 0
github.com/naozhi/naozhi/internal/platform/feishu/transport_ws.go:55.60,57.4 1 0
github.com/naozhi/naozhi/internal/platform/feishu/transport_ws.go:58.3,58.40 1 0
github.com/naozhi/naozhi/internal/platform/feishu/transport_ws.go:61.2,61.12 1 0
github.com/naozhi/naozhi/internal/platform/feishu/transport_ws.go:66.95,67.70 1 1
github.com/naozhi/naozhi/internal/platform/feishu/transport_ws.go:67.70,69.3 1 1
github.com/naozhi/naozhi/internal/platform/feishu/transport_ws.go:71.2,72.28 2 1
github.com/naozhi/naozhi/internal/platform/feishu/transport_ws.go:72.28,74.3 1 0
github.com/naozhi/naozhi/internal/platform/feishu/transport_ws.go:76.2,77.45 2 1
github.com/naozhi/naozhi/internal/platform/feishu/transport_ws.go:77.45,79.3 1 1
github.com/naozhi/naozhi/internal/platform/feishu/transport_ws.go:81.2,81.24 1 1
github.com/naozhi/naozhi/internal/platform/feishu/transport_ws.go:81.24,83.3 1 0
github.com/naozhi/naozhi/internal/platform/feishu/transport_ws.go:85.2,86.53 2 1
github.com/naozhi/naozhi/internal/platform/feishu/transport_ws.go:86.53,88.3 1 1
github.com/naozhi/naozhi/internal/platform/feishu/transport_ws.go:90.2,91.114 2 1
github.com/naozhi/naozhi/internal/platform/feishu/transport_ws.go:91.114,93.3 1 1
github.com/naozhi/naozhi/internal/platform/feishu/transport_ws.go:95.2,96.23 2 1
github.com/naozhi/naozhi/internal/platform/feishu/transport_ws.go:96.23,98.3 1 1
github.com/naozhi/naozhi/internal/platform/feishu/transport_ws.go:100.2,101.65 2 1
github.com/naozhi/naozhi/internal/platform/feishu/transport_ws.go:101.65,103.3 1 1
github.com/naozhi/naozhi/internal/platform/feishu/transport_ws.go:105.2,116.17 3 1
github.com/naozhi/naozhi/internal/platform/feishu/transport_ws.go:117.14,121.72 2 1
github.com/naozhi/naozhi/internal/platform/feishu/transport_ws.go:121.72,123.4 1 0
github.com/naozhi/naozhi/internal/platform/feishu/transport_ws.go:124.3,125.34 2 1
github.com/naozhi/naozhi/internal/platform/feishu/transport_ws.go:125.34,126.20 1 1
github.com/naozhi/naozhi/internal/platform/feishu/transport_ws.go:126.20,128.5 1 1
github.com/naozhi/naozhi/internal/platform/feishu/transport_ws.go:130.3,131.17 2 1
github.com/naozhi/naozhi/internal/platform/feishu/transport_ws.go:131.17,133.4 1 1
github.com/naozhi/naozhi/internal/platform/feishu/transport_ws.go:134.3,135.26 2 1
github.com/naozhi/naozhi/internal/platform/feishu/transport_ws.go:137.15,141.98 2 1
github.com/naozhi/naozhi/internal/platform/feishu/transport_ws.go:141.98,143.4 1 1
github.com/naozhi/naozhi/internal/platform/feishu/transport_ws.go:144.3,144.40 1 1
github.com/naozhi/naozhi/internal/platform/feishu/transport_ws.go:146.10,147.47 1 0
github.com/naozhi/naozhi/internal/platform/slack/slack.go:39.29,40.26 1 1
github.com/naozhi/naozhi/internal/platform/slack/slack.go:40.26,42.3 1 1
github.com/naozhi/naozhi/internal/platform/slack/slack.go:43.2,44.35 2 1
github.com/naozhi/naozhi/internal/platform/slack/slack.go:47.31,47.49 1 1
github.com/naozhi/naozhi/internal/platform/slack/slack.go:49.38,49.66 1 1
github.com/naozhi/naozhi/internal/platform/slack/slack.go:52.78,52.79 0 0
github.com/naozhi/naozhi/internal/platform/slack/slack.go:55.62,57.15 2 1
github.com/naozhi/naozhi/internal/platform/slack/slack.go:57.15,60.3 2 1
github.com/naozhi/naozhi/internal/platform/slack/slack.go:61.2,68.16 5 0
github.com/naozhi/naozhi/internal/platform/slack/slack.go:68.16,70.3 1 0
github.com/naozhi/naozhi/internal/platform/slack/slack.go:70.8,73.3 2 0
github.com/naozhi/naozhi/internal/platform/slack/slack.go:75.2,84.12 7 0
github.com/naozhi/naozhi/internal/platform/slack/slack.go:84.12,89.3 4 0
github.com/naozhi/naozhi/internal/platform/slack/slack.go:91.2,91.12 1 0
github.com/naozhi/naozhi/internal/platform/slack/slack.go:91.12,93.68 2 0
github.com/naozhi/naozhi/internal/platform/slack/slack.go:93.68,95.4 1 0
github.com/naozhi/naozhi/internal/platform/slack/slack.go:98.2,98.12 1 0
github.com/naozhi/naozhi/internal/platform/slack/slack.go:98.12,101.3 2 0
github.com/naozhi/naozhi/internal/platform/slack/slack.go:103.2,103.12 1 0
github.com/naozhi/naozhi/internal/platform/slack/slack.go:107.30,108.21 1 1
github.com/naozhi/naozhi/internal/platform/slack/slack.go:108.21,111.3 2 0
github.com/naozhi/naozhi/internal/platform/slack/slack.go:112.2,112.12 1 1
github.com/naozhi/naozhi/internal/platform/slack/slack.go:116.90,118.33 1 0
github.com/naozhi/naozhi/internal/platform/slack/slack.go:118.33,120.23 2 0
github.com/naozhi/naozhi/internal/platform/slack/slack.go:121.21,122.16 1 0
github.com/naozhi/naozhi/internal/platform/slack/slack.go:123.20,124.16 1 0
github.com/naozhi/naozhi/internal/platform/slack/slack.go:126.3,132.17 2 0
github.com/naozhi/naozhi/internal/platform/slack/slack.go:132.17,134.4 1 0
github.com/naozhi/naozhi/internal/platform/slack/slack.go:138.2,138.20 1 0
github.com/naozhi/naozhi/internal/platform/slack/slack.go:138.20,140.3 1 0
github.com/naozhi/naozhi/internal/platform/slack/slack.go:142.2,145.24 2 0
github.com/naozhi/naozhi/internal/platform/slack/slack.go:145.24,147.3 1 0
github.com/naozhi/naozhi/internal/platform/slack/slack.go:148.2,149.16 2 0
github.com/naozhi/naozhi/internal/platform/slack/slack.go:149.16,151.3 1 0
github.com/naozhi/naozhi/internal/platform/slack/slack.go:152.2,152.35 1 0
github.com/naozhi/naozhi/internal/platform/slack/slack.go:156.83,158.21 2 1
github.com/naozhi/naozhi/internal/platform/slack/slack.go:158.21,160.3 1 1
github.com/naozhi/naozhi/internal/platform/slack/slack.go:161.2,163.16 2 0
github.com/naozhi/naozhi/internal/platform/slack/slack.go:163.16,165.3 1 0
github.com/naozhi/naozhi/internal/platform/slack/slack.go:166.2,166.12 1 0
github.com/naozhi/naozhi/internal/platform/slack/slack.go:169.75,170.6 1 0
github.com/naozhi/naozhi/internal/platform/slack/slack.go:170.6,171.10 1 0
github.com/naozhi/naozhi/internal/platform/slack/slack.go:172.21,173.10 1 0
github.com/naozhi/naozhi/internal/platform/slack/slack.go:174.35,175.11 1 0
github.com/naozhi/naozhi/internal/platform/slack/slack.go:175.11,177.5 1 0
github.com/naozhi/naozhi/internal/platform/slack/slack.go:178.4,178.41 1 0
github.com/naozhi/naozhi/internal/platform/slack/slack.go:183.103,184.18 1 0
github.com/naozhi/naozhi/internal/platform/slack/slack.go:185.37,187.10 2 0
github.com/naozhi/naozhi/internal/platform/slack/slack.go:187.10,189.4 1 0
github.com/naozhi/naozhi/internal/platform/slack/slack.go:190.3,192.49 2 0
github.com/naozhi/naozhi/internal/platform/slack/slack.go:193.34,194.23 1 0
github.com/naozhi/naozhi/internal/platform/slack/slack.go:199.61,200.40 1 1
github.com/naozhi/naozhi/internal/platform/slack/slack.go:200.40,202.3 1 1
github.com/naozhi/naozhi/internal/platform/slack/slack.go:204.2,207.19 3 1
github.com/naozhi/naozhi/internal/platform/slack/slack.go:207.19,209.38 2 1
github.com/naozhi/naozhi/internal/platform/slack/slack.go:209.38,212.4 2 1
github.com/naozhi/naozhi/internal/platform/slack/slack.go:214.2,215.16 2 1
github.com/naozhi/naozhi/internal/platform/slack/slack.go:215.16,217.3 1 1
github.com/naozhi/naozhi/internal/platform/slack/slack.go:219.2,220.62 2 1
github.com/naozhi/naozhi/internal/platform/slack/slack.go:220.62,222.3 1 1
github.com/naozhi/naozhi/internal/platform/slack/slack.go:224.2,234.41 2 1
github.com/naozhi/naozhi/internal/pathutil/expand.go:10.37,11.35 1 0
github.com/naozhi/naozhi/internal/pathutil/expand.go:11.35,12.48 1 0
github.com/naozhi/naozhi/internal/pathutil/expand.go:12.48,14.4 1 0
github.com/naozhi/naozhi/internal/pathutil/expand.go:16.2,16.13 1 0
github.com/naozhi/naozhi/internal/routing/resolve.go:6.93,7.35 1 0
github.com/naozhi/naozhi/internal/routing/resolve.go:7.35,9.3 1 0
github.com/naozhi/naozhi/internal/routing/resolve.go:10.2,13.20 4 0
github.com/naozhi/naozhi/internal/routing/resolve.go:13.20,15.3 1 0
github.com/naozhi/naozhi/internal/routing/resolve.go:16.2,16.38 1 0
github.com/naozhi/naozhi/internal/routing/resolve.go:16.38,18.3 1 0
github.com/naozhi/naozhi/internal/routing/resolve.go:19.2,19.24 1 0
github.com/naozhi/naozhi/internal/session/managed.go:35.52,37.2 1 1
github.com/naozhi/naozhi/internal/session/managed.go:40.44,42.2 1 1
github.com/naozhi/naozhi/internal/session/managed.go:46.141,51.9 4 0
github.com/naozhi/naozhi/internal/session/managed.go:51.9,53.3 1 0
github.com/naozhi/naozhi/internal/session/managed.go:55.2,57.16 3 0
github.com/naozhi/naozhi/internal/session/managed.go:57.16,59.3 1 0
github.com/naozhi/naozhi/internal/session/managed.go:62.2,62.45 1 0
github.com/naozhi/naozhi/internal/session/managed.go:62.45,64.3 1 0
github.com/naozhi/naozhi/internal/session/managed.go:65.2,65.20 1 0
github.com/naozhi/naozhi/internal/session/managed.go:69.48,73.2 3 1
github.com/naozhi/naozhi/internal/session/managed.go:76.64,77.19 1 1
github.com/naozhi/naozhi/internal/session/managed.go:77.19,79.3 1 1
github.com/naozhi/naozhi/internal/session/managed.go:80.2,80.61 1 1
github.com/naozhi/naozhi/internal/session/router.go:49.42,50.23 1 1
github.com/naozhi/naozhi/internal/session/router.go:50.23,52.3 1 1
github.com/naozhi/naozhi/internal/session/router.go:53.2,53.18 1 1
github.com/naozhi/naozhi/internal/session/router.go:53.18,55.3 1 1
github.com/naozhi/naozhi/internal/session/router.go:56.2,69.57 2 1
github.com/naozhi/naozhi/internal/session/router.go:69.57,70.40 1 1
github.com/naozhi/naozhi/internal/session/router.go:70.40,75.4 1 1
github.com/naozhi/naozhi/internal/session/router.go:77.2,77.10 1 1
github.com/naozhi/naozhi/internal/session/router.go:88.104,91.34 2 1
github.com/naozhi/naozhi/internal/session/router.go:91.34,92.44 1 1
github.com/naozhi/naozhi/internal/session/router.go:92.44,96.4 3 1
github.com/naozhi/naozhi/internal/session/router.go:97.3,98.58 2 1
github.com/naozhi/naozhi/internal/session/router.go:101.2,102.43 2 1
github.com/naozhi/naozhi/internal/session/router.go:108.122,110.33 2 1
github.com/naozhi/naozhi/internal/session/router.go:110.33,111.23 1 1
github.com/naozhi/naozhi/internal/session/router.go:111.23,114.4 2 1
github.com/naozhi/naozhi/internal/session/router.go:115.3,116.34 2 1
github.com/naozhi/naozhi/internal/session/router.go:116.34,119.4 2 0
github.com/naozhi/naozhi/internal/session/router.go:123.2,124.22 2 1
github.com/naozhi/naozhi/internal/session/router.go:124.22,126.3 1 1
github.com/naozhi/naozhi/internal/session/router.go:127.2,143.16 8 1
github.com/naozhi/naozhi/internal/session/router.go:143.16,146.3 2 1
github.com/naozhi/naozhi/internal/session/router.go:149.2,149.96 1 0
github.com/naozhi/naozhi/internal/session/router.go:149.96,153.3 3 0
github.com/naozhi/naozhi/internal/session/router.go:155.2,167.15 7 0
github.com/naozhi/naozhi/internal/session/router.go:171.32,173.31 2 1
github.com/naozhi/naozhi/internal/session/router.go:173.31,174.44 1 1
github.com/naozhi/naozhi/internal/session/router.go:174.44,176.4 1 1
github.com/naozhi/naozhi/internal/session/router.go:178.2,178.23 1 1
github.com/naozhi/naozhi/internal/session/router.go:184.37,186.31 2 1
github.com/naozhi/naozhi/internal/session/router.go:186.31,187.70 1 1
github.com/naozhi/naozhi/internal/session/router.go:187.70,188.12 1 1
github.com/naozhi/naozhi/internal/session/router.go:190.3,190.72 1 1
github.com/naozhi/naozhi/internal/session/router.go:190.72,192.4 1 1
github.com/naozhi/naozhi/internal/session/router.go:194.2,194.19 1 1
github.com/naozhi/naozhi/internal/session/router.go:194.19,196.3 1 1
github.com/naozhi/naozhi/internal/session/router.go:197.2,205.13 7 1
github.com/naozhi/naozhi/internal/session/router.go:209.36,213.9 3 1
github.com/naozhi/naozhi/internal/session/router.go:213.9,216.3 2 1
github.com/naozhi/naozhi/internal/session/router.go:218.2,222.33 4 1
github.com/naozhi/naozhi/internal/session/router.go:222.33,224.3 1 1
github.com/naozhi/naozhi/internal/session/router.go:226.2,229.40 4 1
github.com/naozhi/naozhi/internal/session/router.go:234.28,244.33 5 1
github.com/naozhi/naozhi/internal/session/router.go:244.33,245.108 1 1
github.com/naozhi/naozhi/internal/session/router.go:245.108,248.4 2 1
github.com/naozhi/naozhi/internal/session/router.go:250.2,252.28 2 1
github.com/naozhi/naozhi/internal/session/router.go:252.28,254.3 1 1
github.com/naozhi/naozhi/internal/session/router.go:256.2,258.15 3 1
github.com/naozhi/naozhi/internal/session/router.go:262.80,263.12 1 1
github.com/naozhi/naozhi/internal/session/router.go:263.12,266.7 3 1
github.com/naozhi/naozhi/internal/session/router.go:266.7,267.11 1 1
github.com/naozhi/naozhi/internal/session/router.go:268.22,269.11 1 1
github.com/naozhi/naozhi/internal/session/router.go:270.20,271.16 1 1
github.com/naozhi/naozhi/internal/session/router.go:278.29,283.6 3 1
github.com/naozhi/naozhi/internal/session/router.go:283.6,285.32 2 1
github.com/naozhi/naozhi/internal/session/router.go:285.32,286.49 1 1
github.com/naozhi/naozhi/internal/session/router.go:286.49,288.10 2 1
github.com/naozhi/naozhi/internal/session/router.go:291.3,291.45 1 1
github.com/naozhi/naozhi/internal/session/router.go:291.45,292.9 1 1
github.com/naozhi/naozhi/internal/session/router.go:294.3,296.14 3 1
github.com/naozhi/naozhi/internal/session/router.go:300.2,300.59 1 1
github.com/naozhi/naozhi/internal/session/router.go:300.59,302.3 1 0
github.com/naozhi/naozhi/internal/session/router.go:305.2,306.33 2 1
github.com/naozhi/naozhi/internal/session/router.go:306.33,307.44 1 1
github.com/naozhi/naozhi/internal/session/router.go:307.44,310.4 2 1
github.com/naozhi/naozhi/internal/session/router.go:312.2,315.29 3 1
github.com/naozhi/naozhi/internal/session/router.go:315.29,317.27 2 1
github.com/naozhi/naozhi/internal/session/router.go:317.27,320.4 2 1
github.com/naozhi/naozhi/internal/session/router.go:322.2,322.11 1 1
github.com/naozhi/naozhi/internal/session/router.go:326.46,331.2 4 1
github.com/naozhi/naozhi/internal/session/store.go:16.72,17.16 1 1
github.com/naozhi/naozhi/internal/session/store.go:17.16,19.3 1 1
github.com/naozhi/naozhi/internal/session/store.go:20.2,20.42 1 1
github.com/naozhi/naozhi/internal/session/store.go:20.42,21.48 1 1
github.com/naozhi/naozhi/internal/session/store.go:21.48,23.4 1 0
github.com/naozhi/naozhi/internal/session/store.go:26.2,27.29 2 1
github.com/naozhi/naozhi/internal/session/store.go:27.29,29.41 1 1
github.com/naozhi/naozhi/internal/session/store.go:29.41,34.4 1 1
github.com/naozhi/naozhi/internal/session/store.go:37.2,38.16 2 1
github.com/naozhi/naozhi/internal/session/store.go:38.16,40.3 1 0
github.com/naozhi/naozhi/internal/session/store.go:41.2,42.54 2 1
github.com/naozhi/naozhi/internal/session/store.go:42.54,44.3 1 0
github.com/naozhi/naozhi/internal/session/store.go:45.2,45.29 1 1
github.com/naozhi/naozhi/internal/session/store.go:48.47,49.16 1 1
github.com/naozhi/naozhi/internal/session/store.go:49.16,51.3 1 1
github.com/naozhi/naozhi/internal/session/store.go:52.2,53.16 2 1
github.com/naozhi/naozhi/internal/session/store.go:53.16,54.26 1 1
github.com/naozhi/naozhi/internal/session/store.go:54.26,56.4 1 0
github.com/naozhi/naozhi/internal/session/store.go:57.3,57.13 1 1
github.com/naozhi/naozhi/internal/session/store.go:60.2,61.55 2 1
github.com/naozhi/naozhi/internal/session/store.go:61.55,64.3 2 1
github.com/naozhi/naozhi/internal/session/store.go:66.2,67.28 2 1
github.com/naozhi/naozhi/internal/session/store.go:67.28,68.39 1 1
github.com/naozhi/naozhi/internal/session/store.go:68.39,70.4 1 1
github.com/naozhi/naozhi/internal/session/store.go:72.2,73.10 2 1
